<?xml version="1.0" encoding="UTF-8"?>
<!-- Generated by org.testng.reporters.JUnitXMLReporter -->
<testsuite ignored="0" hostname="COGNINE-L67" failures="0" tests="2" name="Default test" time="6.305" errors="0" timestamp="2023-10-27T15:17:46 IST">
  <testcase classname="Request.DefaultRequestSpecificationExample" name="overrideDefaultRequestSpecification" time="3.163"/>
  <testcase classname="Request.DefaultRequestSpecificationExample" name="useDefaultRequestSpecification" time="1.546"/>
</testsuite> <!-- Default test -->
