<?xml version="1.0" encoding="UTF-8"?>
<testng-results ignored="0" total="2" passed="2" failed="0" skipped="0">
  <reporter-output>
  </reporter-output>
  <suite started-at="2023-10-27T15:17:40 IST" name="Default suite" finished-at="2023-10-27T15:17:46 IST" duration-ms="6305">
    <groups>
    </groups>
    <test started-at="2023-10-27T15:17:40 IST" name="Default test" finished-at="2023-10-27T15:17:46 IST" duration-ms="6305">
      <class name="Request.DefaultRequestSpecificationExample">
        <test-method is-config="true" signature="setupDefaultRequestSpecification()[pri:0, instance:Request.DefaultRequestSpecificationExample@3f4f9acd]" started-at="2023-10-27T15:17:40 IST" name="setupDefaultRequestSpecification" finished-at="2023-10-27T15:17:41 IST" duration-ms="1487" status="PASS">
          <reporter-output>
          </reporter-output>
        </test-method> <!-- setupDefaultRequestSpecification -->
        <test-method signature="overrideDefaultRequestSpecification()[pri:0, instance:Request.DefaultRequestSpecificationExample@3f4f9acd]" started-at="2023-10-27T15:17:41 IST" name="overrideDefaultRequestSpecification" finished-at="2023-10-27T15:17:45 IST" duration-ms="3163" status="PASS">
          <reporter-output>
          </reporter-output>
        </test-method> <!-- overrideDefaultRequestSpecification -->
        <test-method signature="useDefaultRequestSpecification()[pri:0, instance:Request.DefaultRequestSpecificationExample@3f4f9acd]" started-at="2023-10-27T15:17:45 IST" name="useDefaultRequestSpecification" finished-at="2023-10-27T15:17:46 IST" duration-ms="1546" status="PASS">
          <reporter-output>
          </reporter-output>
        </test-method> <!-- useDefaultRequestSpecification -->
      </class> <!-- Request.DefaultRequestSpecificationExample -->
    </test> <!-- Default test -->
  </suite> <!-- Default suite -->
</testng-results>
